<?xml version="1.0" encoding="UTF-8"?>
<testsuite xmlns:xsi="http://www.w3.org/2001/XMLSchema-instance" xsi:noNamespaceSchemaLocation="https://maven.apache.org/surefire/maven-surefire-plugin/xsd/surefire-test-report.xsd" version="3.0.2" name="com.giret.bff.controller.LoanControllerTest" time="0.078" tests="4" errors="0" skipped="0" failures="0">
  <properties>
[...]
</properties>
  <testcase name="testSaveLoan" classname="com.giret.bff.controller.LoanControllerTest" time="0.047"/>
  <testcase name="testFindAllLoan" classname="com.giret.bff.controller.LoanControllerTest" time="0.018"/>
  <testcase name="testUpdateLoanByState" classname="com.giret.bff.controller.LoanControllerTest" time="0.0"/>
  <testcase name="testFindLoandByResource" classname="com.giret.bff.controller.LoanControllerTest" time="0.013"/>
</testsuite>